Daily Transaction Test Differences
create_asks_for_new_username
---------------
create_asks_for_user_type
---------------
create_ignores_whitespace
---------------
create_max_username_length
---------------
create_min_username_length
---------------
create_verifies_username_unique
---------------
create_verifies_username_valid
---------------
create_verifies_user_type
---------------
must_be_admin_to_create
---------------
must_be_logged_in_to_create
---------------
usernames_case_sensitive
---------------
cannot_delete_admin
---------------
cannot_delete_self
---------------
cannot_delete_unknown_users
---------------
delete_asks_for_username
---------------
delete_ignores_whitespace
---------------
must_be_admin_to_delete
---------------
must_be_logged_in_to_delete
---------------
prompt_for_valid_input
---------------
cannot_login_twice
---------------
login_whitespace_ignored
---------------
prompt_for_username_on_login
---------------
verify_user_exists
---------------
cannot_logout_during_create
---------------
cannot_logout_during_delete
---------------
cannot_logout_during_post
---------------
cannot_logout_during_rent
---------------
cannot_logout_during_search
---------------
must_be_logged_in_to_logout
---------------
transactions_written_on_logout
---------------
write_to_same_transaction_file
---------------
cannot_rent_from_deleted_users
---------------
deleted_users_cannot_login
---------------
hide_deleted_users_rentals
---------------
new_listings_not_rentable
---------------
new_listings_not_searchable
---------------
newly_rented_units_not_rentable
---------------
newly_rented_units_not_searchable
---------------
cities_case_sentitive
---------------
cities_max_25_characters
---------------
cities_min_1_character
---------------
must_be_logged_in_to_post
---------------
num_bedrooms_integer
---------------
post_assigned_alphanumeric_id
---------------
post_ignores_whitespace
---------------
post_maximum_bedrooms
---------------
post_maximum_price
---------------
post_minimum_bedrooms
---------------
post_minimum_price
---------------
rental_prices_numeric
---------------
rent_standard_cannot_post
---------------
valid_city_format
---------------
cannot_quit_during_create
---------------
cannot_quit_during_delete
---------------
cannot_quit_during_post
---------------
cannot_quit_during_rent
---------------
cannot_quit_during_search
---------------
must_logout_before_quit
---------------
writes_eos_code_to_file
---------------
accepts_valid_rentals
---------------
can_cancel_rental
---------------
cant_rent_own_posting
---------------
fourteen_days_max_rental
---------------
must_be_logged_in_to_rent
---------------
post_standard_cannot_rent
---------------
reject_rent_when_no_rentals
---------------
reject_rent_when_nothing_to_rent
---------------
rent_ignores_whitespace
---------------
verify_num_nights_is_integer
---------------
verify_num_nights_is_numeric
---------------
verify_num_nights_is_positive
---------------
verify_rental_available
---------------
verify_rental_exists
---------------
allow_bedrooms_wildcard
---------------
allow_float_during_search
---------------
allow_max_price_wildcard
---------------
allow_negative_bedrooms
---------------
handle_long_search_input
---------------
handle_no_search_results
---------------
must_be_logged_in_to_search
---------------
rented_units_not_searchable
---------------
search_city_wildcard
---------------
search_filters_by_bedrooms
---------------
search_filters_by_city
---------------
search_filters_by_price
---------------
search_ignores_whitespace
---------------
valid_max_price_during_search
---------------
valid_min_bedroom_during_search
---------------
